G:\CIS020\CIS020_F2015_LAB15\CIS020_F2015_LAB15\DEBUG\CIS020_F2015_LAB15.PCH
G:\CIS020\CIS020_F2015_LAB15\CIS020_F2015_LAB15\DEBUG\STDAFX.OBJ
G:\CIS020\CIS020_F2015_LAB15\CIS020_F2015_LAB15\DEBUG\VC110.PDB
G:\CIS020\CIS020_F2015_LAB15\CIS020_F2015_LAB15\DEBUG\ANIMATE.OBJ
G:\CIS020\CIS020_F2015_LAB15\CIS020_F2015_LAB15\DEBUG\CIS020_F2015_LAB15.OBJ
G:\CIS020\CIS020_F2015_LAB15\CIS020_F2015_LAB15\DEBUG\CIS020_F2015_LAB15.RES
G:\CIS020\CIS020_F2015_LAB15\DEBUG\CIS020_F2015_LAB15.ILK
G:\CIS020\CIS020_F2015_LAB15\DEBUG\CIS020_F2015_LAB15.EXE
G:\CIS020\CIS020_F2015_LAB15\DEBUG\CIS020_F2015_LAB15.PDB
G:\CIS020\CIS020_F2015_Lab15\CIS020_F2015_Lab15\Debug\stdafx.obj
G:\CIS020\CIS020_F2015_Lab15\CIS020_F2015_Lab15\Debug\Animate.obj
G:\CIS020\CIS020_F2015_Lab15\CIS020_F2015_Lab15\Debug\CIS020_F2015_Lab15.obj
G:\CIS020\CIS020_F2015_Lab15\CIS020_F2015_Lab15\Debug\CL.read.1.tlog
G:\CIS020\CIS020_F2015_Lab15\CIS020_F2015_Lab15\Debug\CL.write.1.tlog
G:\CIS020\CIS020_F2015_Lab15\CIS020_F2015_Lab15\Debug\cl.command.1.tlog
G:\CIS020\CIS020_F2015_Lab15\CIS020_F2015_Lab15\Debug\rc.read.1.tlog
G:\CIS020\CIS020_F2015_Lab15\CIS020_F2015_Lab15\Debug\rc.write.1.tlog
G:\CIS020\CIS020_F2015_Lab15\CIS020_F2015_Lab15\Debug\rc.command.1.tlog
G:\CIS020\CIS020_F2015_Lab15\CIS020_F2015_Lab15\Debug\link-rc.read.1.tlog
G:\CIS020\CIS020_F2015_Lab15\CIS020_F2015_Lab15\Debug\link-rc.write.1.tlog
G:\CIS020\CIS020_F2015_Lab15\CIS020_F2015_Lab15\Debug\link-cvtres.read.1.tlog
G:\CIS020\CIS020_F2015_Lab15\CIS020_F2015_Lab15\Debug\link-cvtres.write.1.tlog
G:\CIS020\CIS020_F2015_Lab15\CIS020_F2015_Lab15\Debug\link.read.1.tlog
G:\CIS020\CIS020_F2015_Lab15\CIS020_F2015_Lab15\Debug\link.write.1.tlog
G:\CIS020\CIS020_F2015_Lab15\CIS020_F2015_Lab15\Debug\link.command.1.tlog
G:\CIS020\CIS020_F2015_Lab15\CIS020_F2015_Lab15\Debug\CIS020_F2015_Lab15.res
G:\CIS020\CIS020_F2015_Lab15\CIS020_F2015_Lab15\Debug\CIS020_F2015_Lab15.pch
G:\CIS020\CIS020_F2015_Lab15\CIS020_F2015_Lab15\Debug\vc110.idb
G:\CIS020\CIS020_F2015_Lab15\CIS020_F2015_Lab15\Debug\vc110.pdb
G:\CIS020\CIS020_F2015_Lab15\Debug\CIS020_F2015_Lab15.pdb
G:\CIS020\CIS020_F2015_Lab15\Debug\CIS020_F2015_Lab15.exe
G:\CIS020\CIS020_F2015_Lab15\Debug\CIS020_F2015_Lab15.ilk
