C:\USERS\MBERRETT\DOWNLOADS\CIS020_F2015_LAB13\CIS020_F2015_LAB13\DEBUG\CIS020_F2015_LAB13.PCH
C:\USERS\MBERRETT\DOWNLOADS\CIS020_F2015_LAB13\CIS020_F2015_LAB13\DEBUG\STDAFX.OBJ
C:\USERS\MBERRETT\DOWNLOADS\CIS020_F2015_LAB13\CIS020_F2015_LAB13\DEBUG\VC110.PDB
C:\USERS\MBERRETT\DOWNLOADS\CIS020_F2015_LAB13\CIS020_F2015_LAB13\DEBUG\CIS020_F2015_LAB13.OBJ
C:\USERS\MBERRETT\DOWNLOADS\CIS020_F2015_LAB13\DEBUG\CIS020_F2015_LAB13.ILK
C:\USERS\MBERRETT\DOWNLOADS\CIS020_F2015_LAB13\DEBUG\CIS020_F2015_LAB13.EXE
C:\USERS\MBERRETT\DOWNLOADS\CIS020_F2015_LAB13\DEBUG\CIS020_F2015_LAB13.PDB
C:\USERS\MBERRETT\DOWNLOADS\CIS020_F2015_LAB13\CIS020_F2015_LAB13\DEBUG\CIS020_F2015_LAB13.RES
C:\Users\mberrett\Downloads\CIS020_F2015_Lab13\CIS020_F2015_Lab13\Debug\CIS020_F2015_Lab13.obj
C:\Users\mberrett\Downloads\CIS020_F2015_Lab13\CIS020_F2015_Lab13\Debug\stdafx.obj
C:\Users\mberrett\Downloads\CIS020_F2015_Lab13\CIS020_F2015_Lab13\Debug\cl.command.1.tlog
C:\Users\mberrett\Downloads\CIS020_F2015_Lab13\CIS020_F2015_Lab13\Debug\CL.read.1.tlog
C:\Users\mberrett\Downloads\CIS020_F2015_Lab13\CIS020_F2015_Lab13\Debug\CL.write.1.tlog
C:\Users\mberrett\Downloads\CIS020_F2015_Lab13\CIS020_F2015_Lab13\Debug\link-cvtres.read.1.tlog
C:\Users\mberrett\Downloads\CIS020_F2015_Lab13\CIS020_F2015_Lab13\Debug\link-cvtres.write.1.tlog
C:\Users\mberrett\Downloads\CIS020_F2015_Lab13\CIS020_F2015_Lab13\Debug\link-rc.read.1.tlog
C:\Users\mberrett\Downloads\CIS020_F2015_Lab13\CIS020_F2015_Lab13\Debug\link-rc.write.1.tlog
C:\Users\mberrett\Downloads\CIS020_F2015_Lab13\CIS020_F2015_Lab13\Debug\link.command.1.tlog
C:\Users\mberrett\Downloads\CIS020_F2015_Lab13\CIS020_F2015_Lab13\Debug\link.read.1.tlog
C:\Users\mberrett\Downloads\CIS020_F2015_Lab13\CIS020_F2015_Lab13\Debug\link.write.1.tlog
C:\Users\mberrett\Downloads\CIS020_F2015_Lab13\CIS020_F2015_Lab13\Debug\rc.command.1.tlog
C:\Users\mberrett\Downloads\CIS020_F2015_Lab13\CIS020_F2015_Lab13\Debug\rc.read.1.tlog
C:\Users\mberrett\Downloads\CIS020_F2015_Lab13\CIS020_F2015_Lab13\Debug\rc.write.1.tlog
C:\Users\mberrett\Downloads\CIS020_F2015_Lab13\CIS020_F2015_Lab13\Debug\CIS020_F2015_Lab13.res
C:\Users\mberrett\Downloads\CIS020_F2015_Lab13\CIS020_F2015_Lab13\Debug\CIS020_F2015_Lab13.pch
C:\Users\mberrett\Downloads\CIS020_F2015_Lab13\CIS020_F2015_Lab13\Debug\vc110.idb
C:\Users\mberrett\Downloads\CIS020_F2015_Lab13\CIS020_F2015_Lab13\Debug\vc110.pdb
C:\Users\mberrett\Downloads\CIS020_F2015_Lab13\Debug\CIS020_F2015_Lab13.pdb
C:\Users\mberrett\Downloads\CIS020_F2015_Lab13\Debug\CIS020_F2015_Lab13.exe
C:\Users\mberrett\Downloads\CIS020_F2015_Lab13\Debug\CIS020_F2015_Lab13.ilk
