C:\USERS\CIS\DOCUMENTS\VISUAL STUDIO 2012\PROJECTS\PROJECT1\PROJECT1\DEBUG\DIEAPP.OBJ
C:\USERS\CIS\DOCUMENTS\VISUAL STUDIO 2012\PROJECTS\PROJECT1\PROJECT1\DEBUG\DIEFUNCTIONS.OBJ
C:\USERS\CIS\DOCUMENTS\VISUAL STUDIO 2012\PROJECTS\PROJECT1\PROJECT1\DEBUG\VC110.PDB
C:\USERS\CIS\DOCUMENTS\VISUAL STUDIO 2012\PROJECTS\PROJECT1\DEBUG\PROJECT1.ILK
C:\USERS\CIS\DOCUMENTS\VISUAL STUDIO 2012\PROJECTS\PROJECT1\DEBUG\PROJECT1.EXE
C:\USERS\CIS\DOCUMENTS\VISUAL STUDIO 2012\PROJECTS\PROJECT1\DEBUG\PROJECT1.PDB
c:\Users\CIS\documents\visual studio 2012\Projects\Project1\Project1\Debug\DieApp.obj
c:\Users\CIS\documents\visual studio 2012\Projects\Project1\Project1\Debug\DieFunctions.obj
c:\Users\CIS\documents\visual studio 2012\Projects\Project1\Project1\Debug\cl.command.1.tlog
c:\Users\CIS\documents\visual studio 2012\Projects\Project1\Project1\Debug\CL.read.1.tlog
c:\Users\CIS\documents\visual studio 2012\Projects\Project1\Project1\Debug\CL.write.1.tlog
c:\Users\CIS\documents\visual studio 2012\Projects\Project1\Project1\Debug\link-cvtres.read.1.tlog
c:\Users\CIS\documents\visual studio 2012\Projects\Project1\Project1\Debug\link-cvtres.write.1.tlog
c:\Users\CIS\documents\visual studio 2012\Projects\Project1\Project1\Debug\link-rc.read.1.tlog
c:\Users\CIS\documents\visual studio 2012\Projects\Project1\Project1\Debug\link-rc.write.1.tlog
c:\Users\CIS\documents\visual studio 2012\Projects\Project1\Project1\Debug\link.command.1.tlog
c:\Users\CIS\documents\visual studio 2012\Projects\Project1\Project1\Debug\link.read.1.tlog
c:\Users\CIS\documents\visual studio 2012\Projects\Project1\Project1\Debug\link.write.1.tlog
c:\Users\CIS\documents\visual studio 2012\Projects\Project1\Project1\Debug\vc110.idb
c:\Users\CIS\documents\visual studio 2012\Projects\Project1\Project1\Debug\vc110.pdb
c:\users\cis\documents\visual studio 2012\Projects\Project1\Debug\Project1.pdb
c:\users\cis\documents\visual studio 2012\Projects\Project1\Debug\Project1.exe
c:\users\cis\documents\visual studio 2012\Projects\Project1\Debug\Project1.ilk
